<?xml version="1.0" encoding="UTF-8"?>
<!-- Generated by org.testng.reporters.JUnitReportReporter -->
<testsuite skipped="0" hostname="LAPTOP-VVN5V1AD" name="cucumberOptions.TestNGTestRunner" tests="1" failures="0" timestamp="2022-04-07T11:30:30 ICT" time="20.863" errors="0">
  <testcase name="runScenario" time="20.863" classname="cucumberOptions.TestNGTestRunner"/>
  <system-out/>
</testsuite> <!-- cucumberOptions.TestNGTestRunner -->
